2021-12-30 07:43:40,621 p=22403 u=juzix |  ERROR! Missing target hosts
2021-12-30 07:43:50,117 p=22406 u=juzix |   [WARNING]: Could not match supplied host pattern, ignoring: version

2021-12-30 07:43:50,117 p=22406 u=juzix |   [WARNING]: No hosts matched, nothing to do

2021-12-30 07:43:50,144 p=22406 u=juzix |  ERROR! No argument passed to command module
2021-12-30 07:45:52,093 p=22479 u=juzix |  ansible-playbook 2.5.1
  config file = /home/juzix/jatel/metis/metis-deploy/ansible.cfg
  configured module search path = [u'/home/juzix/.ansible/plugins/modules', u'/usr/share/ansible/plugins/modules']
  ansible python module location = /usr/lib/python2.7/dist-packages/ansible
  executable location = /usr/bin/ansible-playbook
  python version = 2.7.17 (default, Feb 27 2021, 15:10:58) [GCC 7.5.0]
2021-12-30 07:45:52,094 p=22479 u=juzix |  Using /home/juzix/jatel/metis/metis-deploy/ansible.cfg as config file
2021-12-30 07:45:52,285 p=22479 u=juzix |  PLAYBOOK: local_prepare.yml ********************************************************************************************************************************************
2021-12-30 07:45:52,285 p=22479 u=juzix |  1 plays in local_prepare.yml
2021-12-30 07:45:52,304 p=22479 u=juzix |  PLAY [do local preparation] ********************************************************************************************************************************************
2021-12-30 07:45:52,311 p=22479 u=juzix |  META: ran handlers
2021-12-30 07:45:52,315 p=22479 u=juzix |  TASK [local : Stop if ansible version is too low, make sure that the Ansible version is Ansible 2.4.2 or later, otherwise a compatibility issue occurs.] ***************
2021-12-30 07:45:52,315 p=22479 u=juzix |  task path: /home/juzix/jatel/metis/metis-deploy/roles/local/tasks/main.yml:3
2021-12-30 07:45:52,342 p=22479 u=juzix |  ok: [localhost] => changed=false 
  msg: All assertions passed
2021-12-30 07:45:52,346 p=22479 u=juzix |  TASK [local : create downloads and resources directories] **************************************************************************************************************
2021-12-30 07:45:52,346 p=22479 u=juzix |  task path: /home/juzix/jatel/metis/metis-deploy/roles/local/tasks/main.yml:9
2021-12-30 07:45:52,563 p=22479 u=juzix |  ok: [localhost] => (item=/home/juzix/jatel/metis/metis-deploy/downloads) => changed=false 
  gid: 1000
  group: juzix
  item: /home/juzix/jatel/metis/metis-deploy/downloads
  mode: '0755'
  owner: juzix
  path: /home/juzix/jatel/metis/metis-deploy/downloads
  size: 4096
  state: directory
  uid: 1000
2021-12-30 07:45:52,567 p=22479 u=juzix |  TASK [local : create cert directory] ***********************************************************************************************************************************
2021-12-30 07:45:52,567 p=22479 u=juzix |  task path: /home/juzix/jatel/metis/metis-deploy/roles/local/tasks/main.yml:14
2021-12-30 07:45:52,579 p=22479 u=juzix |  skipping: [localhost] => changed=false 
  skip_reason: Conditional result was False
2021-12-30 07:45:52,583 p=22479 u=juzix |  TASK [local : detect outbound network[1]] ******************************************************************************************************************************
2021-12-30 07:45:52,583 p=22479 u=juzix |  task path: /home/juzix/jatel/metis/metis-deploy/roles/local/tasks/main.yml:19
2021-12-30 07:45:52,819 p=22479 u=juzix |  ok: [localhost] => changed=false 
  cmd: curl -s --connect-timeout 10 www.baidu.com 2>/dev/null >/dev/null; echo $?
  delta: '0:00:00.029335'
  end: '2021-12-30 07:45:52.798680'
  rc: 0
  start: '2021-12-30 07:45:52.769345'
  stderr: ''
  stderr_lines: []
  stdout: '0'
  stdout_lines: <omitted>
2021-12-30 07:45:52,823 p=22479 u=juzix |  TASK [local : set outbound network fact[1]] ****************************************************************************************************************************
2021-12-30 07:45:52,823 p=22479 u=juzix |  task path: /home/juzix/jatel/metis/metis-deploy/roles/local/tasks/main.yml:26
2021-12-30 07:45:52,860 p=22479 u=juzix |  ok: [localhost] => changed=false 
  ansible_facts:
    has_outbound_network: true
2021-12-30 07:45:52,864 p=22479 u=juzix |  TASK [local : Debug has_outbound_network information] ******************************************************************************************************************
2021-12-30 07:45:52,864 p=22479 u=juzix |  task path: /home/juzix/jatel/metis/metis-deploy/roles/local/tasks/main.yml:29
2021-12-30 07:45:52,887 p=22479 u=juzix |  ok: [localhost] => 
  has_outbound_network: true
2021-12-30 07:45:52,890 p=22479 u=juzix |  TASK [local : fail] ****************************************************************************************************************************************************
2021-12-30 07:45:52,891 p=22479 u=juzix |  task path: /home/juzix/jatel/metis/metis-deploy/roles/local/tasks/main.yml:33
2021-12-30 07:45:52,903 p=22479 u=juzix |  skipping: [localhost] => changed=false 
  skip_reason: Conditional result was False
2021-12-30 07:45:52,907 p=22479 u=juzix |  TASK [local : detect outbound network[2]] ******************************************************************************************************************************
2021-12-30 07:45:52,907 p=22479 u=juzix |  task path: /home/juzix/jatel/metis/metis-deploy/roles/local/tasks/main.yml:37
2021-12-30 07:46:03,061 p=22479 u=juzix |  ok: [localhost] => changed=false 
  cmd: curl -s --connect-timeout 10 google.com 2>/dev/null >/dev/null; echo $?
  delta: '0:00:10.011221'
  end: '2021-12-30 07:46:03.026924'
  rc: 0
  start: '2021-12-30 07:45:53.015703'
  stderr: ''
  stderr_lines: []
  stdout: '28'
  stdout_lines: <omitted>
2021-12-30 07:46:03,064 p=22479 u=juzix |  TASK [local : Debug outbound_st information] ***************************************************************************************************************************
2021-12-30 07:46:03,065 p=22479 u=juzix |  task path: /home/juzix/jatel/metis/metis-deploy/roles/local/tasks/main.yml:44
2021-12-30 07:46:03,091 p=22479 u=juzix |  ok: [localhost] => 
  outbound_st:
    changed: false
    cmd: curl -s --connect-timeout 10 google.com 2>/dev/null >/dev/null; echo $?
    delta: '0:00:10.011221'
    end: '2021-12-30 07:46:03.026924'
    failed: false
    rc: 0
    start: '2021-12-30 07:45:53.015703'
    stderr: ''
    stderr_lines: []
    stdout: '28'
    stdout_lines:
    - '28'
2021-12-30 07:46:03,094 p=22479 u=juzix |  TASK [local : set outbound network fact[2]] ****************************************************************************************************************************
2021-12-30 07:46:03,095 p=22479 u=juzix |  task path: /home/juzix/jatel/metis/metis-deploy/roles/local/tasks/main.yml:48
2021-12-30 07:46:03,120 p=22479 u=juzix |  ok: [localhost] => changed=false 
  ansible_facts:
    under_outbound: true
2021-12-30 07:46:03,123 p=22479 u=juzix |  TASK [local : include_tasks] *******************************************************************************************************************************************
2021-12-30 07:46:03,123 p=22479 u=juzix |  task path: /home/juzix/jatel/metis/metis-deploy/roles/local/tasks/main.yml:52
2021-12-30 07:46:03,145 p=22479 u=juzix |  included: /home/juzix/jatel/metis/metis-deploy/roles/local/tasks/binary_deployment.yml for localhost
2021-12-30 07:46:03,150 p=22479 u=juzix |  TASK [local : download via binary] *************************************************************************************************************************************
2021-12-30 07:46:03,150 p=22479 u=juzix |  task path: /home/juzix/jatel/metis/metis-deploy/roles/local/tasks/binary_deployment.yml:5
2021-12-30 07:46:03,823 p=22479 u=juzix |  ok: [localhost] => changed=false 
  checksum_dest: e807cc8cf3c8bbc0622b5b69a9481ddc7409fc0b
  checksum_src: e807cc8cf3c8bbc0622b5b69a9481ddc7409fc0b
  dest: /home/juzix/jatel/metis/metis-deploy/downloads/via
  gid: 1000
  group: juzix
  md5sum: e68ae7423f0b7d97017fa365d53749da
  mode: '0744'
  msg: OK (16222862 bytes)
  owner: juzix
  size: 16222862
  src: /tmp/tmpN_31s9
  state: file
  status_code: 200
  uid: 1000
  url: http://192.168.9.150/metis//via
2021-12-30 07:46:03,827 p=22479 u=juzix |  TASK [local : download carrier binary] *********************************************************************************************************************************
2021-12-30 07:46:03,827 p=22479 u=juzix |  task path: /home/juzix/jatel/metis/metis-deploy/roles/local/tasks/binary_deployment.yml:14
2021-12-30 07:46:04,776 p=22479 u=juzix |  ok: [localhost] => changed=false 
  checksum_dest: 579a8126f38790709b38ceab45c8bec821b9c624
  checksum_src: 579a8126f38790709b38ceab45c8bec821b9c624
  dest: /home/juzix/jatel/metis/metis-deploy/downloads/carrier
  gid: 1000
  group: juzix
  md5sum: 9c0ceb510854b56320a59785f9ab0381
  mode: '0744'
  msg: OK (45203168 bytes)
  owner: juzix
  size: 45203168
  src: /tmp/tmpbyRSUD
  state: file
  status_code: 200
  uid: 1000
  url: http://192.168.9.150/metis//carrier
2021-12-30 07:46:04,779 p=22479 u=juzix |  TASK [local : download keytool binary] *********************************************************************************************************************************
2021-12-30 07:46:04,779 p=22479 u=juzix |  task path: /home/juzix/jatel/metis/metis-deploy/roles/local/tasks/binary_deployment.yml:23
2021-12-30 07:46:05,206 p=22479 u=juzix |  ok: [localhost] => changed=false 
  checksum_dest: 56bad2e9c3d80d3ef952cea57c3391ba83764a58
  checksum_src: 56bad2e9c3d80d3ef952cea57c3391ba83764a58
  dest: /home/juzix/jatel/metis/metis-deploy/downloads/keytool
  gid: 1000
  group: juzix
  md5sum: 5722869e7e73579ec7521ef43c003233
  mode: '0744'
  msg: OK (9193784 bytes)
  owner: juzix
  size: 9193784
  src: /tmp/tmpgQfErp
  state: file
  status_code: 200
  uid: 1000
  url: http://192.168.9.150/metis//keytool
2021-12-30 07:46:05,209 p=22479 u=juzix |  TASK [local : download consul zip] *************************************************************************************************************************************
2021-12-30 07:46:05,209 p=22479 u=juzix |  task path: /home/juzix/jatel/metis/metis-deploy/roles/local/tasks/binary_deployment.yml:32
2021-12-30 07:46:56,623 p=22479 u=juzix |   [ERROR]: User interrupted execution

2021-12-30 07:53:18,531 p=23086 u=juzix |  PLAY [do local preparation] ********************************************************************************************************************************************
2021-12-30 07:53:18,541 p=23086 u=juzix |  TASK [local : Stop if ansible version is too low, make sure that the Ansible version is Ansible 2.4.2 or later, otherwise a compatibility issue occurs.] ***************
2021-12-30 07:53:18,569 p=23086 u=juzix |  ok: [localhost] => changed=false 
  msg: All assertions passed
2021-12-30 07:53:18,573 p=23086 u=juzix |  TASK [local : create downloads and resources directories] **************************************************************************************************************
2021-12-30 07:53:18,790 p=23086 u=juzix |  changed: [localhost] => (item=/home/juzix/jatel/metis/metis-deploy/downloads)
2021-12-30 07:53:18,794 p=23086 u=juzix |  TASK [local : create cert directory] ***********************************************************************************************************************************
2021-12-30 07:53:18,809 p=23086 u=juzix |  skipping: [localhost]
2021-12-30 07:53:18,812 p=23086 u=juzix |  TASK [local : detect outbound network[1]] ******************************************************************************************************************************
2021-12-30 07:53:19,100 p=23086 u=juzix |  ok: [localhost]
2021-12-30 07:53:19,111 p=23086 u=juzix |  TASK [local : set outbound network fact[1]] ****************************************************************************************************************************
2021-12-30 07:53:19,162 p=23086 u=juzix |  ok: [localhost]
2021-12-30 07:53:19,166 p=23086 u=juzix |  TASK [local : Debug has_outbound_network information] ******************************************************************************************************************
2021-12-30 07:53:19,189 p=23086 u=juzix |  ok: [localhost] => 
  has_outbound_network: true
2021-12-30 07:53:19,193 p=23086 u=juzix |  TASK [local : fail] ****************************************************************************************************************************************************
2021-12-30 07:53:19,206 p=23086 u=juzix |  skipping: [localhost]
2021-12-30 07:53:19,209 p=23086 u=juzix |  TASK [local : detect outbound network[2]] ******************************************************************************************************************************
2021-12-30 07:53:24,657 p=23086 u=juzix |   [ERROR]: User interrupted execution

